TN:
SF:src/mastra/tools/build-component.ts
FN:18,(anonymous_0)
FNF:1
FNH:0
FNDA:0,(anonymous_0)
DA:6,0
DA:19,0
DA:20,0
DA:23,0
DA:36,0
DA:43,0
LF:6
LH:0
BRDA:29,0,0,0
BRDA:29,0,1,0
BRF:2
BRH:0
end_of_record
TN:
SF:src/mastra/tools/delete-node.ts
FN:13,(anonymous_0)
FNF:1
FNH:1
FNDA:1,(anonymous_0)
DA:5,1
DA:14,1
DA:15,1
LF:3
LH:3
BRF:0
BRH:0
end_of_record
TN:
SF:src/mastra/tools/find-nodes.ts
FN:16,(anonymous_0)
FN:21,(anonymous_1)
FN:24,(anonymous_2)
FN:37,(anonymous_3)
FNF:4
FNH:3
FNDA:1,(anonymous_0)
FNDA:2,(anonymous_1)
FNDA:0,(anonymous_2)
FNDA:1,(anonymous_3)
DA:5,1
DA:17,1
DA:18,1
DA:20,1
DA:21,2
DA:23,1
DA:24,0
DA:25,0
DA:26,0
DA:27,0
DA:28,0
DA:29,0
DA:31,0
DA:32,0
DA:36,1
DA:37,1
LF:16
LH:8
BRDA:20,0,0,1
BRDA:20,0,1,0
BRDA:23,1,0,0
BRDA:23,1,1,1
BRDA:26,2,0,0
BRDA:26,2,1,0
BRDA:27,3,0,0
BRDA:27,3,1,0
BRDA:28,4,0,0
BRDA:28,4,1,0
BRDA:39,5,0,1
BRDA:39,5,1,0
BRDA:40,6,0,1
BRDA:40,6,1,0
BRF:14
BRH:4
end_of_record
TN:
SF:src/mastra/tools/get-analytics.ts
FN:14,(anonymous_0)
FNF:1
FNH:0
FNDA:0,(anonymous_0)
DA:5,0
DA:15,0
DA:17,0
DA:34,0
DA:41,0
LF:5
LH:0
BRDA:15,0,0,0
BRDA:15,0,1,0
BRDA:43,1,0,0
BRDA:43,1,1,0
BRF:4
BRH:0
end_of_record
TN:
SF:src/mastra/tools/get-component.ts
FN:13,(anonymous_0)
FNF:1
FNH:0
FNDA:0,(anonymous_0)
DA:5,0
DA:14,0
DA:21,0
LF:3
LH:0
BRF:0
BRH:0
end_of_record
TN:
SF:src/mastra/tools/get-node.ts
FN:14,(anonymous_0)
FN:16,(anonymous_1)
FN:45,(anonymous_2)
FN:48,(anonymous_3)
FN:49,(anonymous_4)
FNF:5
FNH:2
FNDA:2,(anonymous_0)
FNDA:4,(anonymous_1)
FNDA:0,(anonymous_2)
FNDA:0,(anonymous_3)
FNDA:0,(anonymous_4)
DA:5,1
DA:15,2
DA:16,4
DA:17,2
DA:18,1
DA:36,1
DA:46,0
DA:47,0
DA:48,0
DA:49,0
DA:50,0
LF:11
LH:6
BRDA:16,0,0,2
BRDA:16,0,1,1
BRDA:17,1,0,1
BRDA:17,1,1,1
BRDA:24,2,0,1
BRDA:24,2,1,0
BRDA:25,3,0,2
BRDA:25,3,1,0
BRDA:26,4,0,2
BRDA:26,4,1,0
BRF:10
BRH:7
end_of_record
TN:
SF:src/mastra/tools/get-page-tree.ts
FN:14,(anonymous_0)
FNF:1
FNH:1
FNDA:2,(anonymous_0)
DA:6,1
DA:15,2
DA:16,2
LF:3
LH:3
BRF:0
BRH:0
end_of_record
TN:
SF:src/mastra/tools/index.ts
FNF:0
FNH:0
LF:0
LH:0
BRF:0
BRH:0
end_of_record
TN:
SF:src/mastra/tools/inject-component.ts
FN:21,(anonymous_0)
FNF:1
FNH:1
FNDA:2,(anonymous_0)
DA:6,1
DA:22,2
DA:23,2
DA:27,2
DA:43,2
LF:5
LH:5
BRDA:23,0,0,1
BRDA:23,0,1,1
BRDA:24,1,0,1
BRDA:24,1,1,0
BRDA:34,2,0,2
BRDA:34,2,1,2
BRDA:36,3,0,2
BRDA:36,3,1,2
BRF:8
BRH:7
end_of_record
TN:
SF:src/mastra/tools/insert-node.ts
FN:22,(anonymous_0)
FN:43,resolveOrder
FNF:2
FNH:2
FNDA:3,(anonymous_0)
FNDA:7,resolveOrder
DA:5,2
DA:23,3
DA:24,3
DA:39,3
DA:44,7
DA:45,5
DA:46,2
LF:7
LH:7
BRDA:31,0,0,3
BRDA:31,0,1,2
BRDA:32,1,0,3
BRDA:32,1,1,2
BRDA:33,2,0,3
BRDA:33,2,1,3
BRDA:44,3,0,2
BRDA:44,3,1,5
BRDA:45,4,0,3
BRDA:45,4,1,2
BRF:10
BRH:10
end_of_record
TN:
SF:src/mastra/tools/list-pages.ts
FN:12,(anonymous_0)
FNF:1
FNH:1
FNDA:1,(anonymous_0)
DA:5,1
DA:13,1
DA:21,1
LF:3
LH:3
BRF:0
BRH:0
end_of_record
TN:
SF:src/mastra/tools/move-node.ts
FN:15,(anonymous_0)
FNF:1
FNH:0
FNDA:0,(anonymous_0)
DA:5,0
DA:16,0
DA:21,0
LF:3
LH:0
BRF:0
BRH:0
end_of_record
TN:
SF:src/mastra/tools/publish-page.ts
FN:13,(anonymous_0)
FNF:1
FNH:1
FNDA:1,(anonymous_0)
DA:5,1
DA:14,1
DA:15,1
LF:3
LH:3
BRF:0
BRH:0
end_of_record
TN:
SF:src/mastra/tools/search-components.ts
FN:13,(anonymous_0)
FNF:1
FNH:1
FNDA:1,(anonymous_0)
DA:5,1
DA:14,1
DA:24,1
LF:3
LH:3
BRF:0
BRH:0
end_of_record
TN:
SF:src/mastra/tools/update-node-props.ts
FN:14,(anonymous_0)
FNF:1
FNH:1
FNDA:1,(anonymous_0)
DA:5,1
DA:15,1
DA:19,1
LF:3
LH:3
BRF:0
BRH:0
end_of_record
TN:
SF:src/mastra/tools/update-node-settings.ts
FN:14,(anonymous_0)
FNF:1
FNH:0
FNDA:0,(anonymous_0)
DA:5,0
DA:15,0
DA:19,0
LF:3
LH:0
BRF:0
BRH:0
end_of_record
TN:
SF:src/mastra/tools/update-node-styles.ts
FN:14,(anonymous_0)
FNF:1
FNH:1
FNDA:1,(anonymous_0)
DA:5,1
DA:15,1
DA:19,1
LF:3
LH:3
BRF:0
BRH:0
end_of_record
TN:
SF:src/routes/ai.ts
FN:8,(anonymous_0)
FN:44,(anonymous_1)
FNF:2
FNH:0
FNDA:0,(anonymous_0)
FNDA:0,(anonymous_1)
DA:5,0
DA:8,0
DA:9,0
DA:10,0
DA:12,0
DA:13,0
DA:16,0
DA:17,0
DA:22,0
DA:23,0
DA:24,0
DA:26,0
DA:27,0
DA:28,0
DA:30,0
DA:37,0
DA:39,0
DA:41,0
DA:45,0
DA:47,0
LF:20
LH:0
BRDA:12,0,0,0
BRDA:12,0,1,0
BRDA:12,1,0,0
BRDA:12,1,1,0
BRDA:32,2,0,0
BRDA:32,2,1,0
BRF:6
BRH:0
end_of_record
TN:
SF:src/routes/components.ts
FN:9,(anonymous_0)
FN:35,(anonymous_1)
FN:53,(anonymous_2)
FN:73,(anonymous_3)
FN:94,(anonymous_4)
FN:137,incrementVersion
FN:144,(anonymous_6)
FNF:7
FNH:4
FNDA:2,(anonymous_0)
FNDA:0,(anonymous_1)
FNDA:0,(anonymous_2)
FNDA:1,(anonymous_3)
FNDA:3,(anonymous_4)
FNDA:1,incrementVersion
FNDA:0,(anonymous_6)
DA:6,5
DA:9,5
DA:10,2
DA:11,2
DA:12,2
DA:14,2
DA:20,2
DA:21,2
DA:23,2
DA:28,2
DA:30,0
DA:35,5
DA:36,0
DA:37,0
DA:38,0
DA:45,0
DA:46,0
DA:48,0
DA:53,5
DA:54,0
DA:55,0
DA:56,0
DA:58,0
DA:66,0
DA:68,0
DA:73,5
DA:74,1
DA:75,1
DA:76,1
DA:79,1
DA:81,0
DA:82,0
DA:86,0
DA:88,0
DA:94,5
DA:95,3
DA:96,3
DA:97,3
DA:100,3
DA:102,3
DA:103,3
DA:105,2
DA:106,1
DA:109,1
DA:110,3
DA:111,3
DA:113,1
DA:126,1
DA:131,1
DA:133,0
DA:138,1
DA:139,1
DA:140,1
DA:144,5
DA:145,0
DA:146,0
DA:147,0
DA:150,0
DA:151,0
DA:152,0
DA:154,0
LF:61
LH:36
BRDA:20,0,0,1
BRDA:20,0,1,1
BRDA:21,1,0,0
BRDA:21,1,1,2
BRDA:45,2,0,0
BRDA:45,2,1,0
BRDA:61,3,0,0
BRDA:61,3,1,0
BRDA:62,4,0,0
BRDA:62,4,1,0
BRDA:79,5,0,1
BRDA:79,5,1,0
BRDA:84,6,0,0
BRDA:84,6,1,0
BRDA:100,7,0,0
BRDA:100,7,1,3
BRDA:103,8,0,1
BRDA:103,8,1,2
BRDA:105,9,0,1
BRDA:105,9,1,1
BRDA:109,10,0,1
BRDA:109,10,1,1
BRDA:119,11,0,1
BRDA:119,11,1,1
BRDA:120,12,0,3
BRDA:120,12,1,1
BRDA:139,13,0,1
BRDA:139,13,1,0
BRDA:150,14,0,0
BRDA:150,14,1,0
BRF:30
BRH:16
end_of_record
TN:
SF:src/routes/dev.ts
FN:15,(anonymous_0)
FN:107,(anonymous_1)
FN:188,(anonymous_2)
FN:204,(anonymous_3)
FN:217,(anonymous_4)
FN:218,(anonymous_5)
FN:226,(anonymous_6)
FN:241,(anonymous_7)
FN:327,(anonymous_8)
FN:347,(anonymous_9)
FN:365,(anonymous_10)
FNF:11
FNH:0
FNDA:0,(anonymous_0)
FNDA:0,(anonymous_1)
FNDA:0,(anonymous_2)
FNDA:0,(anonymous_3)
FNDA:0,(anonymous_4)
FNDA:0,(anonymous_5)
FNDA:0,(anonymous_6)
FNDA:0,(anonymous_7)
FNDA:0,(anonymous_8)
FNDA:0,(anonymous_9)
FNDA:0,(anonymous_10)
DA:12,0
DA:15,0
DA:16,0
DA:17,0
DA:18,0
DA:19,0
DA:20,0
DA:23,0
DA:24,0
DA:25,0
DA:30,0
DA:33,0
DA:34,0
DA:35,0
DA:36,0
DA:37,0
DA:39,0
DA:90,0
DA:91,0
DA:94,0
DA:102,0
DA:107,0
DA:108,0
DA:109,0
DA:110,0
DA:111,0
DA:112,0
DA:115,0
DA:116,0
DA:117,0
DA:122,0
DA:125,0
DA:126,0
DA:127,0
DA:128,0
DA:129,0
DA:131,0
DA:183,0
DA:184,0
DA:188,0
DA:189,0
DA:191,0
DA:199,0
DA:204,0
DA:205,0
DA:206,0
DA:207,0
DA:209,0
DA:210,0
DA:213,0
DA:214,0
DA:217,0
DA:218,0
DA:221,0
DA:226,0
DA:227,0
DA:228,0
DA:229,0
DA:231,0
DA:232,0
DA:233,0
DA:235,0
DA:241,0
DA:242,0
DA:243,0
DA:244,0
DA:245,0
DA:246,0
DA:248,0
DA:249,0
DA:253,0
DA:254,0
DA:255,0
DA:259,0
DA:277,0
DA:304,0
DA:305,0
DA:308,0
DA:320,0
DA:326,0
DA:327,0
DA:329,0
DA:330,0
DA:347,0
DA:348,0
DA:350,0
DA:360,0
DA:365,0
DA:366,0
DA:367,0
DA:368,0
DA:371,0
DA:385,0
DA:386,0
DA:389,0
DA:390,0
DA:392,0
DA:395,0
LF:98
LH:0
BRDA:19,0,0,0
BRDA:19,0,1,0
BRDA:20,1,0,0
BRDA:20,1,1,0
BRDA:24,2,0,0
BRDA:24,2,1,0
BRDA:26,3,0,0
BRDA:26,3,1,0
BRDA:111,4,0,0
BRDA:111,4,1,0
BRDA:112,5,0,0
BRDA:112,5,1,0
BRDA:116,6,0,0
BRDA:116,6,1,0
BRDA:118,7,0,0
BRDA:118,7,1,0
BRDA:209,8,0,0
BRDA:209,8,1,0
BRDA:228,9,0,0
BRDA:228,9,1,0
BRDA:228,10,0,0
BRDA:228,10,1,0
BRDA:229,11,0,0
BRDA:229,11,1,0
BRDA:245,12,0,0
BRDA:245,12,1,0
BRDA:246,13,0,0
BRDA:246,13,1,0
BRDA:248,14,0,0
BRDA:248,14,1,0
BRDA:254,15,0,0
BRDA:254,15,1,0
BRDA:327,16,0,0
BRDA:327,16,1,0
BRDA:334,17,0,0
BRDA:334,17,1,0
BRDA:367,18,0,0
BRDA:367,18,1,0
BRDA:390,19,0,0
BRDA:390,19,1,0
BRF:40
BRH:0
end_of_record
TN:
SF:src/routes/events.ts
FN:9,(anonymous_0)
FN:32,(anonymous_1)
FN:40,flushEvents
FN:53,(anonymous_3)
FN:59,(anonymous_4)
FNF:5
FNH:0
FNDA:0,(anonymous_0)
FNDA:0,(anonymous_1)
FNDA:0,flushEvents
FNDA:0,(anonymous_3)
FNDA:0,(anonymous_4)
DA:6,4
DA:9,4
DA:11,0
DA:13,0
DA:14,0
DA:15,0
DA:18,0
DA:20,0
DA:21,0
DA:22,0
DA:27,0
DA:30,0
DA:31,0
DA:32,0
DA:36,0
DA:41,0
DA:43,0
DA:45,0
DA:46,0
DA:47,0
DA:48,0
DA:51,0
DA:53,0
DA:54,0
DA:57,0
DA:58,0
DA:59,0
DA:74,0
DA:76,0
DA:78,0
LF:30
LH:2
BRDA:14,0,0,0
BRDA:14,0,1,0
BRDA:15,1,0,0
BRDA:15,1,1,0
BRDA:18,2,0,0
BRDA:18,2,1,0
BRDA:18,3,0,0
BRDA:18,3,1,0
BRDA:31,4,0,0
BRDA:31,4,1,0
BRDA:47,5,0,0
BRDA:47,5,1,0
BRDA:51,6,0,0
BRDA:51,6,1,0
BRDA:66,7,0,0
BRDA:66,7,1,0
BRDA:67,8,0,0
BRDA:67,8,1,0
BRDA:68,9,0,0
BRDA:68,9,1,0
BRDA:69,10,0,0
BRDA:69,10,1,0
BRDA:70,11,0,0
BRDA:70,11,1,0
BRF:24
BRH:0
end_of_record
TN:
SF:src/routes/experiments.ts
FN:9,(anonymous_0)
FN:24,(anonymous_1)
FN:43,(anonymous_2)
FN:54,(anonymous_3)
FN:72,(anonymous_4)
FN:92,(anonymous_5)
FN:102,(anonymous_6)
FN:118,(anonymous_7)
FNF:8
FNH:0
FNDA:0,(anonymous_0)
FNDA:0,(anonymous_1)
FNDA:0,(anonymous_2)
FNDA:0,(anonymous_3)
FNDA:0,(anonymous_4)
FNDA:0,(anonymous_5)
FNDA:0,(anonymous_6)
FNDA:0,(anonymous_7)
DA:6,4
DA:9,4
DA:10,0
DA:11,0
DA:12,0
DA:17,0
DA:19,0
DA:24,4
DA:25,0
DA:26,0
DA:27,0
DA:35,0
DA:36,0
DA:38,0
DA:43,4
DA:44,0
DA:45,0
DA:46,0
DA:48,0
DA:54,0
DA:65,0
DA:67,0
DA:72,4
DA:73,0
DA:74,0
DA:75,0
DA:79,0
DA:81,0
DA:87,0
DA:88,0
DA:89,0
DA:95,0
DA:97,0
DA:102,4
DA:103,0
DA:104,0
DA:105,0
DA:108,0
DA:110,0
DA:116,0
DA:117,0
DA:118,0
DA:121,0
DA:123,0
LF:44
LH:6
BRDA:35,0,0,0
BRDA:35,0,1,0
BRDA:51,1,0,0
BRDA:51,1,1,0
BRDA:52,2,0,0
BRDA:52,2,1,0
BRDA:53,3,0,0
BRDA:53,3,1,0
BRDA:58,4,0,0
BRDA:58,4,1,0
BRDA:59,5,0,0
BRDA:59,5,1,0
BRDA:79,6,0,0
BRDA:79,6,1,0
BRDA:88,7,0,0
BRDA:88,7,1,0
BRDA:88,8,0,0
BRDA:88,8,1,0
BRDA:108,9,0,0
BRDA:108,9,1,0
BRDA:117,10,0,0
BRDA:117,10,1,0
BRDA:117,11,0,0
BRDA:117,11,1,0
BRF:24
BRH:0
end_of_record
TN:
SF:src/routes/funnels.ts
FN:8,(anonymous_0)
FN:23,(anonymous_1)
FN:38,(anonymous_2)
FN:47,(anonymous_3)
FN:63,(anonymous_4)
FN:83,(anonymous_5)
FNF:6
FNH:0
FNDA:0,(anonymous_0)
FNDA:0,(anonymous_1)
FNDA:0,(anonymous_2)
FNDA:0,(anonymous_3)
FNDA:0,(anonymous_4)
FNDA:0,(anonymous_5)
DA:5,4
DA:8,4
DA:9,0
DA:10,0
DA:11,0
DA:16,0
DA:18,0
DA:23,4
DA:24,0
DA:25,0
DA:26,0
DA:30,0
DA:31,0
DA:33,0
DA:38,4
DA:39,0
DA:40,0
DA:41,0
DA:43,0
DA:47,0
DA:56,0
DA:58,0
DA:63,4
DA:64,0
DA:65,0
DA:66,0
DA:69,0
DA:71,0
DA:72,0
DA:76,0
DA:78,0
DA:83,4
DA:84,0
DA:85,0
DA:86,0
DA:89,0
DA:90,0
DA:91,0
DA:93,0
LF:39
LH:6
BRDA:30,0,0,0
BRDA:30,0,1,0
BRDA:46,1,0,0
BRDA:46,1,1,0
BRDA:49,2,0,0
BRDA:49,2,1,0
BRDA:50,3,0,0
BRDA:50,3,1,0
BRDA:69,4,0,0
BRDA:69,4,1,0
BRDA:89,5,0,0
BRDA:89,5,1,0
BRF:12
BRH:0
end_of_record
TN:
SF:src/routes/pages.ts
FN:9,(anonymous_0)
FN:23,(anonymous_1)
FN:38,(anonymous_2)
FN:55,(anonymous_3)
FN:76,(anonymous_4)
FN:92,(anonymous_5)
FN:103,(anonymous_6)
FN:123,(anonymous_7)
FNF:8
FNH:5
FNDA:4,(anonymous_0)
FNDA:0,(anonymous_1)
FNDA:3,(anonymous_2)
FNDA:0,(anonymous_3)
FNDA:2,(anonymous_4)
FNDA:2,(anonymous_5)
FNDA:0,(anonymous_6)
FNDA:3,(anonymous_7)
DA:6,5
DA:9,5
DA:10,4
DA:11,4
DA:12,4
DA:16,4
DA:18,0
DA:23,5
DA:24,0
DA:25,0
DA:26,0
DA:30,0
DA:31,0
DA:33,0
DA:38,5
DA:39,3
DA:40,3
DA:41,3
DA:42,3
DA:44,2
DA:47,1
DA:49,1
DA:50,0
DA:55,5
DA:56,0
DA:57,0
DA:58,0
DA:60,0
DA:63,0
DA:65,0
DA:69,0
DA:71,0
DA:76,5
DA:77,2
DA:78,2
DA:79,2
DA:82,2
DA:84,0
DA:85,0
DA:87,0
DA:92,5
DA:93,2
DA:94,2
DA:95,2
DA:96,1
DA:98,1
DA:103,5
DA:104,0
DA:105,0
DA:106,0
DA:109,0
DA:111,0
DA:116,0
DA:118,0
DA:123,5
DA:124,3
DA:125,3
DA:126,3
DA:129,3
DA:131,3
DA:134,3
DA:136,2
DA:141,2
DA:143,0
LF:64
LH:37
BRDA:30,0,0,0
BRDA:30,0,1,0
BRDA:41,1,0,3
BRDA:42,2,0,1
BRDA:42,2,1,2
BRDA:49,3,0,1
BRDA:49,3,1,0
BRDA:63,4,0,0
BRDA:63,4,1,0
BRDA:82,5,0,2
BRDA:82,5,1,0
BRDA:109,6,0,0
BRDA:109,6,1,0
BRDA:129,7,0,0
BRDA:129,7,1,3
BRDA:134,8,0,1
BRDA:134,8,1,2
BRF:17
BRH:8
end_of_record
TN:
SF:src/routes/serve.ts
FN:10,(anonymous_0)
FN:53,(anonymous_1)
FN:64,(anonymous_2)
FNF:3
FNH:2
FNDA:5,(anonymous_0)
FNDA:1,(anonymous_1)
FNDA:0,(anonymous_2)
DA:7,4
DA:10,4
DA:11,5
DA:13,5
DA:14,5
DA:17,5
DA:18,5
DA:19,5
DA:20,4
DA:21,1
DA:22,1
DA:23,1
DA:31,4
DA:37,4
DA:39,2
DA:42,2
DA:44,2
DA:52,2
DA:53,2
DA:56,2
DA:57,2
DA:59,0
DA:64,4
DA:65,0
DA:66,0
DA:73,0
DA:75,0
LF:27
LH:22
BRDA:17,0,0,5
BRDA:17,0,1,0
BRDA:17,1,0,5
BRDA:17,1,1,5
BRDA:20,2,0,1
BRDA:20,2,1,3
BRDA:37,3,0,2
BRDA:37,3,1,2
BRDA:42,4,0,0
BRDA:42,4,1,2
BRDA:52,5,0,2
BRDA:52,5,1,0
BRDA:52,6,0,2
BRDA:52,6,1,2
BRF:14
BRH:11
end_of_record
TN:
SF:src/utils/order.ts
FN:5,generateOrder
FN:18,orderFirst
FN:22,orderLast
FN:26,orderAfter
FN:30,midpoint
FN:48,prevChar
FNF:6
FNH:0
FNDA:0,generateOrder
FNDA:0,orderFirst
FNDA:0,orderLast
FNDA:0,orderAfter
FNDA:0,midpoint
FNDA:0,prevChar
DA:3,0
DA:6,0
DA:7,0
DA:8,0
DA:11,0
DA:12,0
DA:13,0
DA:15,0
DA:19,0
DA:23,0
DA:27,0
DA:31,0
DA:32,0
DA:33,0
DA:35,0
DA:36,0
DA:37,0
DA:38,0
DA:39,0
DA:40,0
DA:41,0
DA:43,0
DA:45,0
DA:49,0
DA:50,0
LF:25
LH:0
BRDA:6,0,0,0
BRDA:6,0,1,0
BRDA:6,1,0,0
BRDA:6,1,1,0
BRDA:7,2,0,0
BRDA:7,2,1,0
BRDA:8,3,0,0
BRDA:8,3,1,0
BRDA:11,4,0,0
BRDA:11,4,1,0
BRDA:13,5,0,0
BRDA:13,5,1,0
BRDA:39,6,0,0
BRDA:39,6,1,0
BRDA:50,7,0,0
BRDA:50,7,1,0
BRF:16
BRH:0
end_of_record
TN:
SF:src/utils/r2.ts
FN:4,(anonymous_0)
FN:5,(anonymous_1)
FN:6,(anonymous_2)
FN:7,(anonymous_3)
FN:8,(anonymous_4)
FN:10,r2Configured
FN:19,uploadToR2
FN:35,signRequest
FN:58,(anonymous_8)
FN:59,(anonymous_9)
FN:77,hmac
FNF:11
FNH:0
FNDA:0,(anonymous_0)
FNDA:0,(anonymous_1)
FNDA:0,(anonymous_2)
FNDA:0,(anonymous_3)
FNDA:0,(anonymous_4)
FNDA:0,r2Configured
FNDA:0,uploadToR2
FNDA:0,signRequest
FNDA:0,(anonymous_8)
FNDA:0,(anonymous_9)
FNDA:0,hmac
DA:4,3
DA:5,3
DA:6,3
DA:7,3
DA:8,3
DA:11,0
DA:20,0
DA:21,0
DA:24,0
DA:25,0
DA:26,0
DA:27,0
DA:30,0
DA:41,0
DA:42,0
DA:43,0
DA:44,0
DA:46,0
DA:48,0
DA:56,0
DA:57,0
DA:58,0
DA:59,0
DA:62,0
DA:64,0
DA:65,0
DA:68,0
DA:69,0
DA:71,0
DA:78,0
LF:30
LH:5
BRDA:11,0,0,0
BRDA:11,0,1,0
BRDA:11,0,2,0
BRDA:11,0,3,0
BRDA:19,1,0,0
BRDA:25,2,0,0
BRDA:25,2,1,0
BRF:7
BRH:0
end_of_record
TN:
SF:src/utils/tree.ts
FN:8,buildTree
FN:30,sort
FN:32,(anonymous_2)
FN:37,clean
FN:47,flattenTree
FN:49,traverse
FN:57,(anonymous_6)
FN:62,(anonymous_7)
FN:68,safeJson
FNF:9
FNH:5
FNDA:12,buildTree
FNDA:21,sort
FNDA:4,(anonymous_2)
FNDA:21,clean
FNDA:0,flattenTree
FNDA:0,traverse
FNDA:0,(anonymous_6)
FNDA:0,(anonymous_7)
FNDA:66,safeJson
DA:9,12
DA:10,12
DA:11,22
DA:23,12
DA:24,12
DA:25,22
DA:26,22
DA:27,11
DA:31,21
DA:32,20
DA:33,20
DA:35,12
DA:38,21
DA:39,20
DA:40,20
DA:41,20
DA:44,12
DA:48,0
DA:50,0
DA:57,0
DA:62,0
DA:64,0
DA:65,0
DA:69,66
LF:24
LH:18
BRDA:17,0,0,22
BRDA:17,0,1,21
BRDA:18,1,0,22
BRDA:18,1,1,21
BRDA:19,2,0,22
BRDA:19,2,1,21
BRDA:26,3,0,11
BRDA:26,3,1,11
BRDA:31,4,0,1
BRDA:31,4,1,20
BRDA:38,5,0,1
BRDA:38,5,1,20
BRDA:54,6,0,0
BRDA:54,6,1,0
BRDA:55,7,0,0
BRDA:55,7,1,0
BRDA:56,8,0,0
BRDA:56,8,1,0
BRDA:57,9,0,0
BRDA:57,9,1,0
BRDA:58,10,0,0
BRDA:58,10,1,0
BRDA:59,11,0,0
BRDA:59,11,1,0
BRDA:60,12,0,0
BRDA:60,12,1,0
BRDA:62,13,0,0
BRDA:62,13,1,0
BRDA:64,14,0,0
BRDA:64,14,1,0
BRF:30
BRH:12
end_of_record
